<?xml version="1.0" encoding="UTF-8"?>
<!-- Generated by org.testng.reporters.JUnitXMLReporter -->
<testsuite ignored="0" hostname="AFLORICU-L2" failures="0" tests="3" name="Default test" time="24.198" errors="0" timestamp="2022-02-09T21:12:44 EET">
  <testcase classname="tests.Homework8" name="login" time="5.3"/>
  <testcase classname="tests.Homework8" name="filterByIndex" time="5.182"/>
  <testcase classname="tests.Homework8" name="filterByValue" time="3.967"/>
</testsuite> <!-- Default test -->
