<?xml version="1.0" encoding="UTF-8"?>
<testng-results ignored="0" total="3" passed="3" failed="0" skipped="0">
  <reporter-output>
  </reporter-output>
  <suite started-at="2022-02-09T21:12:20 EET" name="Default suite" finished-at="2022-02-09T21:12:44 EET" duration-ms="24198">
    <groups>
    </groups>
    <test started-at="2022-02-09T21:12:20 EET" name="Default test" finished-at="2022-02-09T21:12:44 EET" duration-ms="24198">
      <class name="tests.Homework8">
        <test-method is-config="true" signature="setUp()[pri:0, instance:tests.Homework8@76908cc0]" started-at="2022-02-09T21:12:20 EET" name="setUp" finished-at="2022-02-09T21:12:25 EET" duration-ms="5006" status="PASS">
          <reporter-output>
          </reporter-output>
        </test-method> <!-- setUp -->
        <test-method signature="login()[pri:0, instance:tests.Homework8@76908cc0]" started-at="2022-02-09T21:12:25 EET" name="login" finished-at="2022-02-09T21:12:30 EET" duration-ms="5300" status="PASS">
          <reporter-output>
          </reporter-output>
        </test-method> <!-- login -->
        <test-method is-config="true" signature="recordFailure(org.testng.ITestResult)[pri:0, instance:tests.Homework8@76908cc0]" started-at="2022-02-09T21:12:30 EET" name="recordFailure" finished-at="2022-02-09T21:12:30 EET" duration-ms="1" status="PASS">
          <params>
            <param index="0">
              <value>
                <![CDATA[[TestResult name=login status=SUCCESS method=Homework8.login()[pri:0, instance:tests.Homework8@76908cc0] output={null}]]]>
              </value>
            </param>
          </params>
          <reporter-output>
          </reporter-output>
        </test-method> <!-- recordFailure -->
        <test-method signature="filterByIndex()[pri:0, instance:tests.Homework8@76908cc0]" started-at="2022-02-09T21:12:30 EET" name="filterByIndex" finished-at="2022-02-09T21:12:35 EET" depends-on-methods="tests.Homework8.login" duration-ms="5182" status="PASS">
          <reporter-output>
          </reporter-output>
        </test-method> <!-- filterByIndex -->
        <test-method is-config="true" signature="recordFailure(org.testng.ITestResult)[pri:0, instance:tests.Homework8@76908cc0]" started-at="2022-02-09T21:12:35 EET" name="recordFailure" finished-at="2022-02-09T21:12:35 EET" duration-ms="0" status="PASS">
          <params>
            <param index="0">
              <value>
                <![CDATA[[TestResult name=filterByIndex status=SUCCESS method=Homework8.filterByIndex()[pri:0, instance:tests.Homework8@76908cc0] output={null}]]]>
              </value>
            </param>
          </params>
          <reporter-output>
          </reporter-output>
        </test-method> <!-- recordFailure -->
        <test-method signature="filterByValue()[pri:0, instance:tests.Homework8@76908cc0]" started-at="2022-02-09T21:12:35 EET" name="filterByValue" finished-at="2022-02-09T21:12:39 EET" depends-on-methods="tests.Homework8.login" duration-ms="3967" status="PASS">
          <reporter-output>
          </reporter-output>
        </test-method> <!-- filterByValue -->
        <test-method is-config="true" signature="recordFailure(org.testng.ITestResult)[pri:0, instance:tests.Homework8@76908cc0]" started-at="2022-02-09T21:12:39 EET" name="recordFailure" finished-at="2022-02-09T21:12:39 EET" duration-ms="1" status="PASS">
          <params>
            <param index="0">
              <value>
                <![CDATA[[TestResult name=filterByValue status=SUCCESS method=Homework8.filterByValue()[pri:0, instance:tests.Homework8@76908cc0] output={null}]]]>
              </value>
            </param>
          </params>
          <reporter-output>
          </reporter-output>
        </test-method> <!-- recordFailure -->
        <test-method is-config="true" signature="tearDown()[pri:0, instance:tests.Homework8@76908cc0]" started-at="2022-02-09T21:12:39 EET" name="tearDown" finished-at="2022-02-09T21:12:44 EET" duration-ms="4705" status="PASS">
          <reporter-output>
          </reporter-output>
        </test-method> <!-- tearDown -->
      </class> <!-- tests.Homework8 -->
    </test> <!-- Default test -->
  </suite> <!-- Default suite -->
</testng-results>
