<?xml version="1.0" encoding="UTF-8"?>
<testng-results ignored="0" total="1" passed="1" failed="0" skipped="0">
  <reporter-output>
  </reporter-output>
  <suite started-at="2022-01-13T12:28:01 EET" name="Default suite" finished-at="2022-01-13T12:28:11 EET" duration-ms="10183">
    <groups>
    </groups>
    <test started-at="2022-01-13T12:28:01 EET" name="Default test" finished-at="2022-01-13T12:28:11 EET" duration-ms="10183">
      <class name="tests.LoginTest">
        <test-method is-config="true" signature="setUp()[pri:0, instance:tests.LoginTest@11a9e7c8]" started-at="2022-01-13T12:28:01 EET" name="setUp" finished-at="2022-01-13T12:28:05 EET" duration-ms="4842" status="PASS">
          <reporter-output>
          </reporter-output>
        </test-method> <!-- setUp -->
        <test-method signature="loginTest()[pri:0, instance:tests.LoginTest@11a9e7c8]" started-at="2022-01-13T12:28:05 EET" name="loginTest" finished-at="2022-01-13T12:28:10 EET" duration-ms="4585" status="PASS">
          <reporter-output>
          </reporter-output>
        </test-method> <!-- loginTest -->
        <test-method is-config="true" signature="tearDown()[pri:0, instance:tests.LoginTest@11a9e7c8]" started-at="2022-01-13T12:28:10 EET" name="tearDown" finished-at="2022-01-13T12:28:11 EET" duration-ms="723" status="PASS">
          <reporter-output>
          </reporter-output>
        </test-method> <!-- tearDown -->
      </class> <!-- tests.LoginTest -->
    </test> <!-- Default test -->
  </suite> <!-- Default suite -->
</testng-results>
